ERROR - 2023-11-29 02:24:28 --> Error connecting to the database: mysqli_sql_exception: No connection could be made because the target machine actively refused it.
 in D:\laragon\www\unugiri\2023\pwbfTI\codeigniter4\system\Database\MySQLi\Connection.php:185
Stack trace:
#0 D:\laragon\www\unugiri\2023\pwbfTI\codeigniter4\system\Database\MySQLi\Connection.php(185): mysqli->real_connect('localhost', 'root', '', 'unugiri_2023_co...', 3306, '', 0)
#1 D:\laragon\www\unugiri\2023\pwbfTI\codeigniter4\system\Database\BaseConnection.php(392): CodeIgniter\Database\MySQLi\Connection->connect(false)
#2 D:\laragon\www\unugiri\2023\pwbfTI\codeigniter4\system\Database\BaseConnection.php(575): CodeIgniter\Database\BaseConnection->initialize()
#3 D:\laragon\www\unugiri\2023\pwbfTI\codeigniter4\system\Database\BaseBuilder.php(1699): CodeIgniter\Database\BaseConnection->query('SELECT COUNT(*)...', Array, false)
#4 D:\laragon\www\unugiri\2023\pwbfTI\codeigniter4\system\Model.php(599): CodeIgniter\Database\BaseBuilder->countAllResults(false)
#5 D:\laragon\www\unugiri\2023\pwbfTI\codeigniter4\system\BaseModel.php(1203): CodeIgniter\Model->countAllResults(false)
#6 D:\laragon\www\unugiri\2023\pwbfTI\codeigniter4\app\Controllers\Master\DataPenerbit.php(27): CodeIgniter\BaseModel->paginate(5, 'penerbit')
#7 D:\laragon\www\unugiri\2023\pwbfTI\codeigniter4\system\CodeIgniter.php(942): App\Controllers\Master\DataPenerbit->index()
#8 D:\laragon\www\unugiri\2023\pwbfTI\codeigniter4\system\CodeIgniter.php(502): CodeIgniter\CodeIgniter->runController(Object(App\Controllers\Master\DataPenerbit))
#9 D:\laragon\www\unugiri\2023\pwbfTI\codeigniter4\system\CodeIgniter.php(361): CodeIgniter\CodeIgniter->handleRequest(NULL, Object(Config\Cache), false)
#10 D:\laragon\www\unugiri\2023\pwbfTI\codeigniter4\public\index.php(79): CodeIgniter\CodeIgniter->run()
#11 D:\laragon\www\unugiri\2023\pwbfTI\codeigniter4\system\Commands\Server\rewrite.php(47): require_once('D:\\laragon\\www\\...')
#12 {main}

Next CodeIgniter\Database\Exceptions\DatabaseException: No connection could be made because the target machine actively refused it.
 in D:\laragon\www\unugiri\2023\pwbfTI\codeigniter4\system\Database\MySQLi\Connection.php:229
Stack trace:
#0 D:\laragon\www\unugiri\2023\pwbfTI\codeigniter4\system\Database\BaseConnection.php(392): CodeIgniter\Database\MySQLi\Connection->connect(false)
#1 D:\laragon\www\unugiri\2023\pwbfTI\codeigniter4\system\Database\BaseConnection.php(575): CodeIgniter\Database\BaseConnection->initialize()
#2 D:\laragon\www\unugiri\2023\pwbfTI\codeigniter4\system\Database\BaseBuilder.php(1699): CodeIgniter\Database\BaseConnection->query('SELECT COUNT(*)...', Array, false)
#3 D:\laragon\www\unugiri\2023\pwbfTI\codeigniter4\system\Model.php(599): CodeIgniter\Database\BaseBuilder->countAllResults(false)
#4 D:\laragon\www\unugiri\2023\pwbfTI\codeigniter4\system\BaseModel.php(1203): CodeIgniter\Model->countAllResults(false)
#5 D:\laragon\www\unugiri\2023\pwbfTI\codeigniter4\app\Controllers\Master\DataPenerbit.php(27): CodeIgniter\BaseModel->paginate(5, 'penerbit')
#6 D:\laragon\www\unugiri\2023\pwbfTI\codeigniter4\system\CodeIgniter.php(942): App\Controllers\Master\DataPenerbit->index()
#7 D:\laragon\www\unugiri\2023\pwbfTI\codeigniter4\system\CodeIgniter.php(502): CodeIgniter\CodeIgniter->runController(Object(App\Controllers\Master\DataPenerbit))
#8 D:\laragon\www\unugiri\2023\pwbfTI\codeigniter4\system\CodeIgniter.php(361): CodeIgniter\CodeIgniter->handleRequest(NULL, Object(Config\Cache), false)
#9 D:\laragon\www\unugiri\2023\pwbfTI\codeigniter4\public\index.php(79): CodeIgniter\CodeIgniter->run()
#10 D:\laragon\www\unugiri\2023\pwbfTI\codeigniter4\system\Commands\Server\rewrite.php(47): require_once('D:\\laragon\\www\\...')
#11 {main}
CRITICAL - 2023-11-29 02:24:28 --> Unable to connect to the database.
Main connection [MySQLi]: No connection could be made because the target machine actively refused it.

in SYSTEMPATH\Database\BaseConnection.php on line 428.
 1 SYSTEMPATH\Database\BaseConnection.php(575): CodeIgniter\Database\BaseConnection->initialize()
 2 SYSTEMPATH\Database\BaseBuilder.php(1699): CodeIgniter\Database\BaseConnection->query('SELECT COUNT(*) AS `numrows`
FROM `tb_penerbit`', [], false)
 3 SYSTEMPATH\Model.php(599): CodeIgniter\Database\BaseBuilder->countAllResults(false)
 4 SYSTEMPATH\BaseModel.php(1203): CodeIgniter\Model->countAllResults(false)
 5 APPPATH\Controllers\Master\DataPenerbit.php(27): CodeIgniter\BaseModel->paginate(5, 'penerbit')
 6 SYSTEMPATH\CodeIgniter.php(942): App\Controllers\Master\DataPenerbit->index()
 7 SYSTEMPATH\CodeIgniter.php(502): CodeIgniter\CodeIgniter->runController(Object(App\Controllers\Master\DataPenerbit))
 8 SYSTEMPATH\CodeIgniter.php(361): CodeIgniter\CodeIgniter->handleRequest(null, Object(Config\Cache), false)
 9 FCPATH\index.php(79): CodeIgniter\CodeIgniter->run()
10 SYSTEMPATH\Commands\Server\rewrite.php(47): require_once('D:\\laragon\\www\\unugiri\\2023\\pwbfTI\\codeigniter4\\public\\index.php')
