CRITICAL - 2023-12-03 14:19:03 --> Undefined variable: validationRules
in APPPATH\Models\PenerbitModel.php on line 42.
 1 APPPATH\Models\PenerbitModel.php(42): CodeIgniter\Debug\Exceptions->errorHandler(8, 'Undefined variable: validationRules', 'D:\\laragon\\www\\unugiri\\2023\\pwbfTI\\codeigniter4\\app\\Models\\PenerbitModel.php', 42, [])
 2 APPPATH\Controllers\Master\DataPenerbit.php(55): App\Models\PenerbitModel->getRules()
 3 SYSTEMPATH\CodeIgniter.php(942): App\Controllers\Master\DataPenerbit->simpan()
 4 SYSTEMPATH\CodeIgniter.php(502): CodeIgniter\CodeIgniter->runController(Object(App\Controllers\Master\DataPenerbit))
 5 SYSTEMPATH\CodeIgniter.php(361): CodeIgniter\CodeIgniter->handleRequest(null, Object(Config\Cache), false)
 6 FCPATH\index.php(79): CodeIgniter\CodeIgniter->run()
 7 SYSTEMPATH\Commands\Server\rewrite.php(47): require_once('D:\\laragon\\www\\unugiri\\2023\\pwbfTI\\codeigniter4\\public\\index.php')
CRITICAL - 2023-12-03 14:26:26 --> Call to undefined method App\Models\PenerbitModel::getRule
in SYSTEMPATH\Model.php on line 873.
 1 APPPATH\Controllers\Master\DataPenerbit.php(50): CodeIgniter\Model->__call('getRule', [...])
 2 SYSTEMPATH\CodeIgniter.php(942): App\Controllers\Master\DataPenerbit->simpan()
 3 SYSTEMPATH\CodeIgniter.php(502): CodeIgniter\CodeIgniter->runController(Object(App\Controllers\Master\DataPenerbit))
 4 SYSTEMPATH\CodeIgniter.php(361): CodeIgniter\CodeIgniter->handleRequest(null, Object(Config\Cache), false)
 5 FCPATH\index.php(79): CodeIgniter\CodeIgniter->run()
 6 SYSTEMPATH\Commands\Server\rewrite.php(47): require_once('D:\\laragon\\www\\unugiri\\2023\\pwbfTI\\codeigniter4\\public\\index.php')
CRITICAL - 2023-12-03 14:26:41 --> Call to undefined method App\Models\PenerbitModel::getRule
in SYSTEMPATH\Model.php on line 873.
 1 APPPATH\Controllers\Master\DataPenerbit.php(50): CodeIgniter\Model->__call('getRule', [...])
 2 SYSTEMPATH\CodeIgniter.php(942): App\Controllers\Master\DataPenerbit->simpan()
 3 SYSTEMPATH\CodeIgniter.php(502): CodeIgniter\CodeIgniter->runController(Object(App\Controllers\Master\DataPenerbit))
 4 SYSTEMPATH\CodeIgniter.php(361): CodeIgniter\CodeIgniter->handleRequest(null, Object(Config\Cache), false)
 5 FCPATH\index.php(79): CodeIgniter\CodeIgniter->run()
 6 SYSTEMPATH\Commands\Server\rewrite.php(47): require_once('D:\\laragon\\www\\unugiri\\2023\\pwbfTI\\codeigniter4\\public\\index.php')
CRITICAL - 2023-12-03 14:27:02 --> Undefined variable: dynamicRules
in APPPATH\Models\PenerbitModel.php on line 48.
 1 APPPATH\Models\PenerbitModel.php(48): CodeIgniter\Debug\Exceptions->errorHandler(8, 'Undefined variable: dynamicRules', 'D:\\laragon\\www\\unugiri\\2023\\pwbfTI\\codeigniter4\\app\\Models\\PenerbitModel.php', 48, [...])
 2 APPPATH\Controllers\Master\DataPenerbit.php(50): App\Models\PenerbitModel->getRule('penerbit')
 3 SYSTEMPATH\CodeIgniter.php(942): App\Controllers\Master\DataPenerbit->simpan()
 4 SYSTEMPATH\CodeIgniter.php(502): CodeIgniter\CodeIgniter->runController(Object(App\Controllers\Master\DataPenerbit))
 5 SYSTEMPATH\CodeIgniter.php(361): CodeIgniter\CodeIgniter->handleRequest(null, Object(Config\Cache), false)
 6 FCPATH\index.php(79): CodeIgniter\CodeIgniter->run()
 7 SYSTEMPATH\Commands\Server\rewrite.php(47): require_once('D:\\laragon\\www\\unugiri\\2023\\pwbfTI\\codeigniter4\\public\\index.php')
INFO - 2023-12-03 14:28:34 --> Session: Class initialized using 'CodeIgniter\Session\Handlers\FileHandler' driver.
INFO - 2023-12-03 14:29:36 --> Session: Class initialized using 'CodeIgniter\Session\Handlers\FileHandler' driver.
INFO - 2023-12-03 15:22:17 --> Session: Class initialized using 'CodeIgniter\Session\Handlers\FileHandler' driver.
INFO - 2023-12-03 15:24:02 --> Session: Class initialized using 'CodeIgniter\Session\Handlers\FileHandler' driver.
INFO - 2023-12-03 15:24:06 --> Session: Class initialized using 'CodeIgniter\Session\Handlers\FileHandler' driver.
INFO - 2023-12-03 15:24:06 --> Session: Class initialized using 'CodeIgniter\Session\Handlers\FileHandler' driver.
INFO - 2023-12-03 15:24:09 --> Session: Class initialized using 'CodeIgniter\Session\Handlers\FileHandler' driver.
INFO - 2023-12-03 15:24:12 --> Session: Class initialized using 'CodeIgniter\Session\Handlers\FileHandler' driver.
INFO - 2023-12-03 15:24:12 --> Session: Class initialized using 'CodeIgniter\Session\Handlers\FileHandler' driver.
INFO - 2023-12-03 15:25:10 --> Session: Class initialized using 'CodeIgniter\Session\Handlers\FileHandler' driver.
INFO - 2023-12-03 15:25:14 --> Session: Class initialized using 'CodeIgniter\Session\Handlers\FileHandler' driver.
INFO - 2023-12-03 15:25:14 --> Session: Class initialized using 'CodeIgniter\Session\Handlers\FileHandler' driver.
INFO - 2023-12-03 15:25:54 --> Session: Class initialized using 'CodeIgniter\Session\Handlers\FileHandler' driver.
INFO - 2023-12-03 15:25:57 --> Session: Class initialized using 'CodeIgniter\Session\Handlers\FileHandler' driver.
INFO - 2023-12-03 15:25:57 --> Session: Class initialized using 'CodeIgniter\Session\Handlers\FileHandler' driver.
INFO - 2023-12-03 15:29:20 --> Session: Class initialized using 'CodeIgniter\Session\Handlers\FileHandler' driver.
INFO - 2023-12-03 15:29:24 --> Session: Class initialized using 'CodeIgniter\Session\Handlers\FileHandler' driver.
INFO - 2023-12-03 15:29:24 --> Session: Class initialized using 'CodeIgniter\Session\Handlers\FileHandler' driver.
INFO - 2023-12-03 15:29:33 --> Session: Class initialized using 'CodeIgniter\Session\Handlers\FileHandler' driver.
INFO - 2023-12-03 15:29:37 --> Session: Class initialized using 'CodeIgniter\Session\Handlers\FileHandler' driver.
INFO - 2023-12-03 15:29:38 --> Session: Class initialized using 'CodeIgniter\Session\Handlers\FileHandler' driver.
INFO - 2023-12-03 15:30:22 --> Session: Class initialized using 'CodeIgniter\Session\Handlers\FileHandler' driver.
INFO - 2023-12-03 15:45:08 --> Session: Class initialized using 'CodeIgniter\Session\Handlers\FileHandler' driver.
CRITICAL - 2023-12-03 15:45:12 --> syntax error, unexpected 'public' (T_PUBLIC), expecting ';' or '{'
in APPPATH\Models\PenerbitModel.php on line 47.
 1 SYSTEMPATH\Autoloader\Autoloader.php(291): CodeIgniter\Autoloader\Autoloader->includeFile('D:\\laragon\\www\\unugiri\\2023\\pwbfTI\\codeigniter4\\app\\Models\\PenerbitModel.php')
 2 SYSTEMPATH\Autoloader\Autoloader.php(269): CodeIgniter\Autoloader\Autoloader->loadInNamespace('App\\Models\\PenerbitModel')
 3 [internal function]: CodeIgniter\Autoloader\Autoloader->loadClass('App\\Models\\PenerbitModel')
 4 APPPATH\Controllers\Master\DataPenerbit.php(49): spl_autoload_call('App\\Models\\PenerbitModel')
 5 SYSTEMPATH\CodeIgniter.php(942): App\Controllers\Master\DataPenerbit->simpan()
 6 SYSTEMPATH\CodeIgniter.php(502): CodeIgniter\CodeIgniter->runController(Object(App\Controllers\Master\DataPenerbit))
 7 SYSTEMPATH\CodeIgniter.php(361): CodeIgniter\CodeIgniter->handleRequest(null, Object(Config\Cache), false)
 8 FCPATH\index.php(79): CodeIgniter\CodeIgniter->run()
 9 SYSTEMPATH\Commands\Server\rewrite.php(47): require_once('D:\\laragon\\www\\unugiri\\2023\\pwbfTI\\codeigniter4\\public\\index.php')
INFO - 2023-12-03 15:45:20 --> Session: Class initialized using 'CodeIgniter\Session\Handlers\FileHandler' driver.
INFO - 2023-12-03 15:45:21 --> Session: Class initialized using 'CodeIgniter\Session\Handlers\FileHandler' driver.
INFO - 2023-12-03 15:45:47 --> Session: Class initialized using 'CodeIgniter\Session\Handlers\FileHandler' driver.
INFO - 2023-12-03 15:45:50 --> Session: Class initialized using 'CodeIgniter\Session\Handlers\FileHandler' driver.
INFO - 2023-12-03 15:45:50 --> Session: Class initialized using 'CodeIgniter\Session\Handlers\FileHandler' driver.
INFO - 2023-12-03 15:45:54 --> Session: Class initialized using 'CodeIgniter\Session\Handlers\FileHandler' driver.
INFO - 2023-12-03 15:46:09 --> Session: Class initialized using 'CodeIgniter\Session\Handlers\FileHandler' driver.
INFO - 2023-12-03 15:46:10 --> Session: Class initialized using 'CodeIgniter\Session\Handlers\FileHandler' driver.
INFO - 2023-12-03 15:46:10 --> Session: Class initialized using 'CodeIgniter\Session\Handlers\FileHandler' driver.
INFO - 2023-12-03 15:46:21 --> Session: Class initialized using 'CodeIgniter\Session\Handlers\FileHandler' driver.
INFO - 2023-12-03 15:46:21 --> Session: Class initialized using 'CodeIgniter\Session\Handlers\FileHandler' driver.
INFO - 2023-12-03 15:47:40 --> Session: Class initialized using 'CodeIgniter\Session\Handlers\FileHandler' driver.
INFO - 2023-12-03 15:49:12 --> Session: Class initialized using 'CodeIgniter\Session\Handlers\FileHandler' driver.
INFO - 2023-12-03 15:51:05 --> Session: Class initialized using 'CodeIgniter\Session\Handlers\FileHandler' driver.
INFO - 2023-12-03 15:51:26 --> Session: Class initialized using 'CodeIgniter\Session\Handlers\FileHandler' driver.
INFO - 2023-12-03 16:08:10 --> Session: Class initialized using 'CodeIgniter\Session\Handlers\FileHandler' driver.
INFO - 2023-12-03 16:09:09 --> Session: Class initialized using 'CodeIgniter\Session\Handlers\FileHandler' driver.
CRITICAL - 2023-12-03 16:09:26 --> Trying to get property 'id_penerbit' of non-object
in APPPATH\Views\master\ubah_data_penerbit.php on line 42.
 1 APPPATH\Views\master\ubah_data_penerbit.php(42): CodeIgniter\Debug\Exceptions->errorHandler(8, 'Trying to get property \'id_penerbit\' of non-object', 'D:\\laragon\\www\\unugiri\\2023\\pwbfTI\\codeigniter4\\app\\Views\\master\\ubah_data_penerbit.php', 42, [...])
 2 SYSTEMPATH\View\View.php(228): include('D:\\laragon\\www\\unugiri\\2023\\pwbfTI\\codeigniter4\\app\\Views\\master\\ubah_data_penerbit.php')
 3 SYSTEMPATH\View\View.php(231): CodeIgniter\View\View->CodeIgniter\View\{closure}()
 4 SYSTEMPATH\Common.php(1190): CodeIgniter\View\View->render('master\\ubah_data_penerbit', [], true)
 5 APPPATH\Controllers\Master\DataPenerbit.php(56): view('master\\ubah_data_penerbit', [...])
 6 SYSTEMPATH\CodeIgniter.php(942): App\Controllers\Master\DataPenerbit->preview()
 7 SYSTEMPATH\CodeIgniter.php(502): CodeIgniter\CodeIgniter->runController(Object(App\Controllers\Master\DataPenerbit))
 8 SYSTEMPATH\CodeIgniter.php(361): CodeIgniter\CodeIgniter->handleRequest(null, Object(Config\Cache), false)
 9 FCPATH\index.php(79): CodeIgniter\CodeIgniter->run()
10 SYSTEMPATH\Commands\Server\rewrite.php(47): require_once('D:\\laragon\\www\\unugiri\\2023\\pwbfTI\\codeigniter4\\public\\index.php')
CRITICAL - 2023-12-03 16:09:54 --> Trying to get property 'nm_penerbit' of non-object
in APPPATH\Views\master\ubah_data_penerbit.php on line 47.
 1 APPPATH\Views\master\ubah_data_penerbit.php(47): CodeIgniter\Debug\Exceptions->errorHandler(8, 'Trying to get property \'nm_penerbit\' of non-object', 'D:\\laragon\\www\\unugiri\\2023\\pwbfTI\\codeigniter4\\app\\Views\\master\\ubah_data_penerbit.php', 47, [...])
 2 SYSTEMPATH\View\View.php(228): include('D:\\laragon\\www\\unugiri\\2023\\pwbfTI\\codeigniter4\\app\\Views\\master\\ubah_data_penerbit.php')
 3 SYSTEMPATH\View\View.php(231): CodeIgniter\View\View->CodeIgniter\View\{closure}()
 4 SYSTEMPATH\Common.php(1190): CodeIgniter\View\View->render('master\\ubah_data_penerbit', [], true)
 5 APPPATH\Controllers\Master\DataPenerbit.php(56): view('master\\ubah_data_penerbit', [...])
 6 SYSTEMPATH\CodeIgniter.php(942): App\Controllers\Master\DataPenerbit->preview()
 7 SYSTEMPATH\CodeIgniter.php(502): CodeIgniter\CodeIgniter->runController(Object(App\Controllers\Master\DataPenerbit))
 8 SYSTEMPATH\CodeIgniter.php(361): CodeIgniter\CodeIgniter->handleRequest(null, Object(Config\Cache), false)
 9 FCPATH\index.php(79): CodeIgniter\CodeIgniter->run()
10 SYSTEMPATH\Commands\Server\rewrite.php(47): require_once('D:\\laragon\\www\\unugiri\\2023\\pwbfTI\\codeigniter4\\public\\index.php')
CRITICAL - 2023-12-03 16:10:20 --> Trying to get property 'nm_penerbit' of non-object
in APPPATH\Views\master\ubah_data_penerbit.php on line 47.
 1 APPPATH\Views\master\ubah_data_penerbit.php(47): CodeIgniter\Debug\Exceptions->errorHandler(8, 'Trying to get property \'nm_penerbit\' of non-object', 'D:\\laragon\\www\\unugiri\\2023\\pwbfTI\\codeigniter4\\app\\Views\\master\\ubah_data_penerbit.php', 47, [...])
 2 SYSTEMPATH\View\View.php(228): include('D:\\laragon\\www\\unugiri\\2023\\pwbfTI\\codeigniter4\\app\\Views\\master\\ubah_data_penerbit.php')
 3 SYSTEMPATH\View\View.php(231): CodeIgniter\View\View->CodeIgniter\View\{closure}()
 4 SYSTEMPATH\Common.php(1190): CodeIgniter\View\View->render('master\\ubah_data_penerbit', [], true)
 5 APPPATH\Controllers\Master\DataPenerbit.php(56): view('master\\ubah_data_penerbit', [...])
 6 SYSTEMPATH\CodeIgniter.php(942): App\Controllers\Master\DataPenerbit->preview()
 7 SYSTEMPATH\CodeIgniter.php(502): CodeIgniter\CodeIgniter->runController(Object(App\Controllers\Master\DataPenerbit))
 8 SYSTEMPATH\CodeIgniter.php(361): CodeIgniter\CodeIgniter->handleRequest(null, Object(Config\Cache), false)
 9 FCPATH\index.php(79): CodeIgniter\CodeIgniter->run()
10 SYSTEMPATH\Commands\Server\rewrite.php(47): require_once('D:\\laragon\\www\\unugiri\\2023\\pwbfTI\\codeigniter4\\public\\index.php')
CRITICAL - 2023-12-03 16:11:23 --> Trying to get property 'nm_penerbit' of non-object
in APPPATH\Views\master\ubah_data_penerbit.php on line 47.
 1 APPPATH\Views\master\ubah_data_penerbit.php(47): CodeIgniter\Debug\Exceptions->errorHandler(8, 'Trying to get property \'nm_penerbit\' of non-object', 'D:\\laragon\\www\\unugiri\\2023\\pwbfTI\\codeigniter4\\app\\Views\\master\\ubah_data_penerbit.php', 47, [...])
 2 SYSTEMPATH\View\View.php(228): include('D:\\laragon\\www\\unugiri\\2023\\pwbfTI\\codeigniter4\\app\\Views\\master\\ubah_data_penerbit.php')
 3 SYSTEMPATH\View\View.php(231): CodeIgniter\View\View->CodeIgniter\View\{closure}()
 4 SYSTEMPATH\Common.php(1190): CodeIgniter\View\View->render('master\\ubah_data_penerbit', [], true)
 5 APPPATH\Controllers\Master\DataPenerbit.php(56): view('master\\ubah_data_penerbit', [...])
 6 SYSTEMPATH\CodeIgniter.php(942): App\Controllers\Master\DataPenerbit->preview()
 7 SYSTEMPATH\CodeIgniter.php(502): CodeIgniter\CodeIgniter->runController(Object(App\Controllers\Master\DataPenerbit))
 8 SYSTEMPATH\CodeIgniter.php(361): CodeIgniter\CodeIgniter->handleRequest(null, Object(Config\Cache), false)
 9 FCPATH\index.php(79): CodeIgniter\CodeIgniter->run()
10 SYSTEMPATH\Commands\Server\rewrite.php(47): require_once('D:\\laragon\\www\\unugiri\\2023\\pwbfTI\\codeigniter4\\public\\index.php')
CRITICAL - 2023-12-03 16:21:41 --> Undefined variable: users
in APPPATH\Controllers\Master\DataPenerbit.php on line 55.
 1 APPPATH\Controllers\Master\DataPenerbit.php(55): CodeIgniter\Debug\Exceptions->errorHandler(8, 'Undefined variable: users', 'D:\\laragon\\www\\unugiri\\2023\\pwbfTI\\codeigniter4\\app\\Controllers\\Master\\DataPenerbit.php', 55, [...])
 2 SYSTEMPATH\CodeIgniter.php(942): App\Controllers\Master\DataPenerbit->preview('22')
 3 SYSTEMPATH\CodeIgniter.php(502): CodeIgniter\CodeIgniter->runController(Object(App\Controllers\Master\DataPenerbit))
 4 SYSTEMPATH\CodeIgniter.php(361): CodeIgniter\CodeIgniter->handleRequest(null, Object(Config\Cache), false)
 5 FCPATH\index.php(79): CodeIgniter\CodeIgniter->run()
 6 SYSTEMPATH\Commands\Server\rewrite.php(47): require_once('D:\\laragon\\www\\unugiri\\2023\\pwbfTI\\codeigniter4\\public\\index.php')
INFO - 2023-12-03 16:30:14 --> Session: Class initialized using 'CodeIgniter\Session\Handlers\FileHandler' driver.
INFO - 2023-12-03 16:32:55 --> Session: Class initialized using 'CodeIgniter\Session\Handlers\FileHandler' driver.
INFO - 2023-12-03 16:32:56 --> Session: Class initialized using 'CodeIgniter\Session\Handlers\FileHandler' driver.
INFO - 2023-12-03 16:33:04 --> Session: Class initialized using 'CodeIgniter\Session\Handlers\FileHandler' driver.
INFO - 2023-12-03 16:33:04 --> Session: Class initialized using 'CodeIgniter\Session\Handlers\FileHandler' driver.
INFO - 2023-12-03 16:33:47 --> Session: Class initialized using 'CodeIgniter\Session\Handlers\FileHandler' driver.
INFO - 2023-12-03 16:33:52 --> Session: Class initialized using 'CodeIgniter\Session\Handlers\FileHandler' driver.
INFO - 2023-12-03 16:33:52 --> Session: Class initialized using 'CodeIgniter\Session\Handlers\FileHandler' driver.
INFO - 2023-12-03 16:34:02 --> Session: Class initialized using 'CodeIgniter\Session\Handlers\FileHandler' driver.
INFO - 2023-12-03 16:34:06 --> Session: Class initialized using 'CodeIgniter\Session\Handlers\FileHandler' driver.
INFO - 2023-12-03 16:34:06 --> Session: Class initialized using 'CodeIgniter\Session\Handlers\FileHandler' driver.
INFO - 2023-12-03 16:34:13 --> Session: Class initialized using 'CodeIgniter\Session\Handlers\FileHandler' driver.
INFO - 2023-12-03 16:34:13 --> Session: Class initialized using 'CodeIgniter\Session\Handlers\FileHandler' driver.
CRITICAL - 2023-12-03 16:37:01 --> Too few arguments to function App\Controllers\Master\DataPenerbit::preview(), 0 passed in D:\laragon\www\unugiri\2023\pwbfTI\codeigniter4\system\CodeIgniter.php on line 942 and exactly 1 expected
in APPPATH\Controllers\Master\DataPenerbit.php on line 44.
 1 SYSTEMPATH\CodeIgniter.php(942): App\Controllers\Master\DataPenerbit->preview()
 2 SYSTEMPATH\CodeIgniter.php(502): CodeIgniter\CodeIgniter->runController(Object(App\Controllers\Master\DataPenerbit))
 3 SYSTEMPATH\CodeIgniter.php(361): CodeIgniter\CodeIgniter->handleRequest(null, Object(Config\Cache), false)
 4 FCPATH\index.php(79): CodeIgniter\CodeIgniter->run()
 5 SYSTEMPATH\Commands\Server\rewrite.php(47): require_once('D:\\laragon\\www\\unugiri\\2023\\pwbfTI\\codeigniter4\\public\\index.php')
INFO - 2023-12-03 16:37:05 --> Session: Class initialized using 'CodeIgniter\Session\Handlers\FileHandler' driver.
INFO - 2023-12-03 16:39:03 --> Session: Class initialized using 'CodeIgniter\Session\Handlers\FileHandler' driver.
INFO - 2023-12-03 16:39:29 --> Session: Class initialized using 'CodeIgniter\Session\Handlers\FileHandler' driver.
INFO - 2023-12-03 16:39:35 --> Session: Class initialized using 'CodeIgniter\Session\Handlers\FileHandler' driver.
INFO - 2023-12-03 16:39:35 --> Session: Class initialized using 'CodeIgniter\Session\Handlers\FileHandler' driver.
INFO - 2023-12-03 16:39:40 --> Session: Class initialized using 'CodeIgniter\Session\Handlers\FileHandler' driver.
INFO - 2023-12-03 16:39:44 --> Session: Class initialized using 'CodeIgniter\Session\Handlers\FileHandler' driver.
INFO - 2023-12-03 16:39:45 --> Session: Class initialized using 'CodeIgniter\Session\Handlers\FileHandler' driver.
INFO - 2023-12-03 16:39:46 --> Session: Class initialized using 'CodeIgniter\Session\Handlers\FileHandler' driver.
INFO - 2023-12-03 16:39:48 --> Session: Class initialized using 'CodeIgniter\Session\Handlers\FileHandler' driver.
INFO - 2023-12-03 16:39:52 --> Session: Class initialized using 'CodeIgniter\Session\Handlers\FileHandler' driver.
INFO - 2023-12-03 16:39:52 --> Session: Class initialized using 'CodeIgniter\Session\Handlers\FileHandler' driver.
CRITICAL - 2023-12-03 17:03:50 --> Undefined property: App\Controllers\LoginController::$session
in APPPATH\Controllers\LoginController.php on line 9.
 1 APPPATH\Controllers\LoginController.php(9): CodeIgniter\Debug\Exceptions->errorHandler(8, 'Undefined property: App\\Controllers\\LoginController::$session', 'D:\\laragon\\www\\unugiri\\2023\\pwbfTI\\codeigniter4\\app\\Controllers\\LoginController.php', 9, [])
 2 SYSTEMPATH\CodeIgniter.php(942): App\Controllers\LoginController->index()
 3 SYSTEMPATH\CodeIgniter.php(502): CodeIgniter\CodeIgniter->runController(Object(App\Controllers\LoginController))
 4 SYSTEMPATH\CodeIgniter.php(361): CodeIgniter\CodeIgniter->handleRequest(null, Object(Config\Cache), false)
 5 FCPATH\index.php(79): CodeIgniter\CodeIgniter->run()
 6 SYSTEMPATH\Commands\Server\rewrite.php(47): require_once('D:\\laragon\\www\\unugiri\\2023\\pwbfTI\\codeigniter4\\public\\index.php')
CRITICAL - 2023-12-03 17:05:28 --> Class 'App\Controllers\Services' not found
in APPPATH\Controllers\LoginController.php on line 11.
 1 SYSTEMPATH\CodeIgniter.php(914): App\Controllers\LoginController->__construct()
 2 SYSTEMPATH\CodeIgniter.php(493): CodeIgniter\CodeIgniter->createController()
 3 SYSTEMPATH\CodeIgniter.php(361): CodeIgniter\CodeIgniter->handleRequest(null, Object(Config\Cache), false)
 4 FCPATH\index.php(79): CodeIgniter\CodeIgniter->run()
 5 SYSTEMPATH\Commands\Server\rewrite.php(47): require_once('D:\\laragon\\www\\unugiri\\2023\\pwbfTI\\codeigniter4\\public\\index.php')
INFO - 2023-12-03 17:05:56 --> Session: Class initialized using 'CodeIgniter\Session\Handlers\FileHandler' driver.
INFO - 2023-12-03 17:11:59 --> Session: Class initialized using 'CodeIgniter\Session\Handlers\FileHandler' driver.
INFO - 2023-12-03 17:13:11 --> Session: Class initialized using 'CodeIgniter\Session\Handlers\FileHandler' driver.
INFO - 2023-12-03 17:13:17 --> Session: Class initialized using 'CodeIgniter\Session\Handlers\FileHandler' driver.
INFO - 2023-12-03 17:13:36 --> Session: Class initialized using 'CodeIgniter\Session\Handlers\FileHandler' driver.
INFO - 2023-12-03 17:32:46 --> Session: Class initialized using 'CodeIgniter\Session\Handlers\FileHandler' driver.
INFO - 2023-12-03 17:32:53 --> Session: Class initialized using 'CodeIgniter\Session\Handlers\FileHandler' driver.
CRITICAL - 2023-12-03 17:32:53 --> Class 'App\Controllers\UserModel' not found
in APPPATH\Controllers\LoginController.php on line 34.
 1 SYSTEMPATH\CodeIgniter.php(942): App\Controllers\LoginController->login()
 2 SYSTEMPATH\CodeIgniter.php(502): CodeIgniter\CodeIgniter->runController(Object(App\Controllers\LoginController))
 3 SYSTEMPATH\CodeIgniter.php(361): CodeIgniter\CodeIgniter->handleRequest(null, Object(Config\Cache), false)
 4 FCPATH\index.php(79): CodeIgniter\CodeIgniter->run()
 5 SYSTEMPATH\Commands\Server\rewrite.php(47): require_once('D:\\laragon\\www\\unugiri\\2023\\pwbfTI\\codeigniter4\\public\\index.php')
INFO - 2023-12-03 17:35:22 --> Session: Class initialized using 'CodeIgniter\Session\Handlers\FileHandler' driver.
CRITICAL - 2023-12-03 17:35:22 --> Class 'App\Controllers\UserModel' not found
in APPPATH\Controllers\LoginController.php on line 34.
 1 SYSTEMPATH\CodeIgniter.php(942): App\Controllers\LoginController->login()
 2 SYSTEMPATH\CodeIgniter.php(502): CodeIgniter\CodeIgniter->runController(Object(App\Controllers\LoginController))
 3 SYSTEMPATH\CodeIgniter.php(361): CodeIgniter\CodeIgniter->handleRequest(null, Object(Config\Cache), false)
 4 FCPATH\index.php(79): CodeIgniter\CodeIgniter->run()
 5 SYSTEMPATH\Commands\Server\rewrite.php(47): require_once('D:\\laragon\\www\\unugiri\\2023\\pwbfTI\\codeigniter4\\public\\index.php')
INFO - 2023-12-03 17:35:58 --> Session: Class initialized using 'CodeIgniter\Session\Handlers\FileHandler' driver.
CRITICAL - 2023-12-03 17:35:58 --> Class 'App\Models\UserModel' not found
in APPPATH\Controllers\LoginController.php on line 35.
 1 SYSTEMPATH\CodeIgniter.php(942): App\Controllers\LoginController->login()
 2 SYSTEMPATH\CodeIgniter.php(502): CodeIgniter\CodeIgniter->runController(Object(App\Controllers\LoginController))
 3 SYSTEMPATH\CodeIgniter.php(361): CodeIgniter\CodeIgniter->handleRequest(null, Object(Config\Cache), false)
 4 FCPATH\index.php(79): CodeIgniter\CodeIgniter->run()
 5 SYSTEMPATH\Commands\Server\rewrite.php(47): require_once('D:\\laragon\\www\\unugiri\\2023\\pwbfTI\\codeigniter4\\public\\index.php')
INFO - 2023-12-03 17:36:51 --> Session: Class initialized using 'CodeIgniter\Session\Handlers\FileHandler' driver.
CRITICAL - 2023-12-03 17:36:51 --> Class 'App\Models\UserModel' not found
in APPPATH\Controllers\LoginController.php on line 35.
 1 SYSTEMPATH\CodeIgniter.php(942): App\Controllers\LoginController->login()
 2 SYSTEMPATH\CodeIgniter.php(502): CodeIgniter\CodeIgniter->runController(Object(App\Controllers\LoginController))
 3 SYSTEMPATH\CodeIgniter.php(361): CodeIgniter\CodeIgniter->handleRequest(null, Object(Config\Cache), false)
 4 FCPATH\index.php(79): CodeIgniter\CodeIgniter->run()
 5 SYSTEMPATH\Commands\Server\rewrite.php(47): require_once('D:\\laragon\\www\\unugiri\\2023\\pwbfTI\\codeigniter4\\public\\index.php')
INFO - 2023-12-03 17:36:53 --> Session: Class initialized using 'CodeIgniter\Session\Handlers\FileHandler' driver.
INFO - 2023-12-03 17:37:00 --> Session: Class initialized using 'CodeIgniter\Session\Handlers\FileHandler' driver.
CRITICAL - 2023-12-03 17:37:00 --> Class 'App\Models\UserModel' not found
in APPPATH\Controllers\LoginController.php on line 35.
 1 SYSTEMPATH\CodeIgniter.php(942): App\Controllers\LoginController->login()
 2 SYSTEMPATH\CodeIgniter.php(502): CodeIgniter\CodeIgniter->runController(Object(App\Controllers\LoginController))
 3 SYSTEMPATH\CodeIgniter.php(361): CodeIgniter\CodeIgniter->handleRequest(null, Object(Config\Cache), false)
 4 FCPATH\index.php(79): CodeIgniter\CodeIgniter->run()
 5 SYSTEMPATH\Commands\Server\rewrite.php(47): require_once('D:\\laragon\\www\\unugiri\\2023\\pwbfTI\\codeigniter4\\public\\index.php')
INFO - 2023-12-03 17:37:16 --> Session: Class initialized using 'CodeIgniter\Session\Handlers\FileHandler' driver.
CRITICAL - 2023-12-03 17:37:16 --> Cannot use object of type stdClass as array
in APPPATH\Controllers\LoginController.php on line 38.
 1 SYSTEMPATH\CodeIgniter.php(942): App\Controllers\LoginController->login()
 2 SYSTEMPATH\CodeIgniter.php(502): CodeIgniter\CodeIgniter->runController(Object(App\Controllers\LoginController))
 3 SYSTEMPATH\CodeIgniter.php(361): CodeIgniter\CodeIgniter->handleRequest(null, Object(Config\Cache), false)
 4 FCPATH\index.php(79): CodeIgniter\CodeIgniter->run()
 5 SYSTEMPATH\Commands\Server\rewrite.php(47): require_once('D:\\laragon\\www\\unugiri\\2023\\pwbfTI\\codeigniter4\\public\\index.php')
INFO - 2023-12-03 17:37:48 --> Session: Class initialized using 'CodeIgniter\Session\Handlers\FileHandler' driver.
INFO - 2023-12-03 17:41:37 --> Session: Class initialized using 'CodeIgniter\Session\Handlers\FileHandler' driver.
INFO - 2023-12-03 17:41:37 --> Session: Class initialized using 'CodeIgniter\Session\Handlers\FileHandler' driver.
INFO - 2023-12-03 17:43:07 --> Session: Class initialized using 'CodeIgniter\Session\Handlers\FileHandler' driver.
INFO - 2023-12-03 17:43:07 --> Session: Class initialized using 'CodeIgniter\Session\Handlers\FileHandler' driver.
INFO - 2023-12-03 17:43:16 --> Session: Class initialized using 'CodeIgniter\Session\Handlers\FileHandler' driver.
INFO - 2023-12-03 17:43:16 --> Session: Class initialized using 'CodeIgniter\Session\Handlers\FileHandler' driver.
INFO - 2023-12-03 17:43:22 --> Session: Class initialized using 'CodeIgniter\Session\Handlers\FileHandler' driver.
INFO - 2023-12-03 17:43:24 --> Session: Class initialized using 'CodeIgniter\Session\Handlers\FileHandler' driver.
