CRITICAL - 2023-11-21 01:17:52 --> Undefined index: penerbit
in APPPATH\Views\master\view_data_penerbit.php on line 35.
 1 APPPATH\Views\master\view_data_penerbit.php(35): CodeIgniter\Debug\Exceptions->errorHandler(8, 'Undefined index: penerbit', 'D:\\laragon\\www\\unugiri\\2023\\pwbfTI\\codeigniter4\\app\\Views\\master\\view_data_penerbit.php', 35, [...])
 2 SYSTEMPATH\View\View.php(228): include('D:\\laragon\\www\\unugiri\\2023\\pwbfTI\\codeigniter4\\app\\Views\\master\\view_data_penerbit.php')
 3 SYSTEMPATH\View\View.php(231): CodeIgniter\View\View->CodeIgniter\View\{closure}()
 4 SYSTEMPATH\Common.php(1190): CodeIgniter\View\View->render('master\\view_data_penerbit', [], true)
 5 APPPATH\Controllers\Master\DataPenerbit.php(32): view('master\\view_data_penerbit', [...])
 6 SYSTEMPATH\CodeIgniter.php(942): App\Controllers\Master\DataPenerbit->index()
 7 SYSTEMPATH\CodeIgniter.php(502): CodeIgniter\CodeIgniter->runController(Object(App\Controllers\Master\DataPenerbit))
 8 SYSTEMPATH\CodeIgniter.php(361): CodeIgniter\CodeIgniter->handleRequest(null, Object(Config\Cache), false)
 9 FCPATH\index.php(79): CodeIgniter\CodeIgniter->run()
10 SYSTEMPATH\Commands\Server\rewrite.php(47): require_once('D:\\laragon\\www\\unugiri\\2023\\pwbfTI\\codeigniter4\\public\\index.php')
CRITICAL - 2023-11-21 01:18:09 --> Undefined index: penerbit
in APPPATH\Views\master\view_data_penerbit.php on line 35.
 1 APPPATH\Views\master\view_data_penerbit.php(35): CodeIgniter\Debug\Exceptions->errorHandler(8, 'Undefined index: penerbit', 'D:\\laragon\\www\\unugiri\\2023\\pwbfTI\\codeigniter4\\app\\Views\\master\\view_data_penerbit.php', 35, [...])
 2 SYSTEMPATH\View\View.php(228): include('D:\\laragon\\www\\unugiri\\2023\\pwbfTI\\codeigniter4\\app\\Views\\master\\view_data_penerbit.php')
 3 SYSTEMPATH\View\View.php(231): CodeIgniter\View\View->CodeIgniter\View\{closure}()
 4 SYSTEMPATH\Common.php(1190): CodeIgniter\View\View->render('master\\view_data_penerbit', [], true)
 5 APPPATH\Controllers\Master\DataPenerbit.php(32): view('master\\view_data_penerbit', [...])
 6 SYSTEMPATH\CodeIgniter.php(942): App\Controllers\Master\DataPenerbit->index()
 7 SYSTEMPATH\CodeIgniter.php(502): CodeIgniter\CodeIgniter->runController(Object(App\Controllers\Master\DataPenerbit))
 8 SYSTEMPATH\CodeIgniter.php(361): CodeIgniter\CodeIgniter->handleRequest(null, Object(Config\Cache), false)
 9 FCPATH\index.php(79): CodeIgniter\CodeIgniter->run()
10 SYSTEMPATH\Commands\Server\rewrite.php(47): require_once('D:\\laragon\\www\\unugiri\\2023\\pwbfTI\\codeigniter4\\public\\index.php')
CRITICAL - 2023-11-21 01:18:29 --> Undefined index: penerbit
in APPPATH\Views\master\view_data_penerbit.php on line 35.
 1 APPPATH\Views\master\view_data_penerbit.php(35): CodeIgniter\Debug\Exceptions->errorHandler(8, 'Undefined index: penerbit', 'D:\\laragon\\www\\unugiri\\2023\\pwbfTI\\codeigniter4\\app\\Views\\master\\view_data_penerbit.php', 35, [...])
 2 SYSTEMPATH\View\View.php(228): include('D:\\laragon\\www\\unugiri\\2023\\pwbfTI\\codeigniter4\\app\\Views\\master\\view_data_penerbit.php')
 3 SYSTEMPATH\View\View.php(231): CodeIgniter\View\View->CodeIgniter\View\{closure}()
 4 SYSTEMPATH\Common.php(1190): CodeIgniter\View\View->render('master\\view_data_penerbit', [], true)
 5 APPPATH\Controllers\Master\DataPenerbit.php(32): view('master\\view_data_penerbit', [...])
 6 SYSTEMPATH\CodeIgniter.php(942): App\Controllers\Master\DataPenerbit->index()
 7 SYSTEMPATH\CodeIgniter.php(502): CodeIgniter\CodeIgniter->runController(Object(App\Controllers\Master\DataPenerbit))
 8 SYSTEMPATH\CodeIgniter.php(361): CodeIgniter\CodeIgniter->handleRequest(null, Object(Config\Cache), false)
 9 FCPATH\index.php(79): CodeIgniter\CodeIgniter->run()
10 SYSTEMPATH\Commands\Server\rewrite.php(47): require_once('D:\\laragon\\www\\unugiri\\2023\\pwbfTI\\codeigniter4\\public\\index.php')
CRITICAL - 2023-11-21 01:21:34 --> Undefined variable: datapager
in APPPATH\Views\master\view_data_penerbit2.php on line 79.
 1 APPPATH\Views\master\view_data_penerbit2.php(79): CodeIgniter\Debug\Exceptions->errorHandler(8, 'Undefined variable: datapager', 'D:\\laragon\\www\\unugiri\\2023\\pwbfTI\\codeigniter4\\app\\Views\\master\\view_data_penerbit2.php', 79, [...])
 2 SYSTEMPATH\View\View.php(228): include('D:\\laragon\\www\\unugiri\\2023\\pwbfTI\\codeigniter4\\app\\Views\\master\\view_data_penerbit2.php')
 3 SYSTEMPATH\View\View.php(231): CodeIgniter\View\View->CodeIgniter\View\{closure}()
 4 SYSTEMPATH\Common.php(1190): CodeIgniter\View\View->render('master\\view_data_penerbit2', [], true)
 5 APPPATH\Controllers\Master\DataPenerbit.php(31): view('master\\view_data_penerbit2', [...])
 6 SYSTEMPATH\CodeIgniter.php(942): App\Controllers\Master\DataPenerbit->index()
 7 SYSTEMPATH\CodeIgniter.php(502): CodeIgniter\CodeIgniter->runController(Object(App\Controllers\Master\DataPenerbit))
 8 SYSTEMPATH\CodeIgniter.php(361): CodeIgniter\CodeIgniter->handleRequest(null, Object(Config\Cache), false)
 9 FCPATH\index.php(79): CodeIgniter\CodeIgniter->run()
10 SYSTEMPATH\Commands\Server\rewrite.php(47): require_once('D:\\laragon\\www\\unugiri\\2023\\pwbfTI\\codeigniter4\\public\\index.php')
CRITICAL - 2023-11-21 01:49:09 --> Undefined variable: nomor
in APPPATH\Views\master\view_data_penerbit2.php on line 59.
 1 APPPATH\Views\master\view_data_penerbit2.php(59): CodeIgniter\Debug\Exceptions->errorHandler(8, 'Undefined variable: nomor', 'D:\\laragon\\www\\unugiri\\2023\\pwbfTI\\codeigniter4\\app\\Views\\master\\view_data_penerbit2.php', 59, [...])
 2 SYSTEMPATH\View\View.php(228): include('D:\\laragon\\www\\unugiri\\2023\\pwbfTI\\codeigniter4\\app\\Views\\master\\view_data_penerbit2.php')
 3 SYSTEMPATH\View\View.php(231): CodeIgniter\View\View->CodeIgniter\View\{closure}()
 4 SYSTEMPATH\Common.php(1190): CodeIgniter\View\View->render('master\\view_data_penerbit2', [], true)
 5 APPPATH\Controllers\Master\DataPenerbit.php(31): view('master\\view_data_penerbit2', [...])
 6 SYSTEMPATH\CodeIgniter.php(942): App\Controllers\Master\DataPenerbit->index()
 7 SYSTEMPATH\CodeIgniter.php(502): CodeIgniter\CodeIgniter->runController(Object(App\Controllers\Master\DataPenerbit))
 8 SYSTEMPATH\CodeIgniter.php(361): CodeIgniter\CodeIgniter->handleRequest(null, Object(Config\Cache), false)
 9 FCPATH\index.php(79): CodeIgniter\CodeIgniter->run()
10 SYSTEMPATH\Commands\Server\rewrite.php(47): require_once('D:\\laragon\\www\\unugiri\\2023\\pwbfTI\\codeigniter4\\public\\index.php')
CRITICAL - 2023-11-21 02:36:46 --> syntax error, unexpected '?>'
in APPPATH\Views\master\view_data_penerbit2.php on line 81.
 1 SYSTEMPATH\View\View.php(231): CodeIgniter\View\View->CodeIgniter\View\{closure}()
 2 SYSTEMPATH\Common.php(1190): CodeIgniter\View\View->render('master\\view_data_penerbit2', [], true)
 3 APPPATH\Controllers\Master\DataPenerbit.php(31): view('master\\view_data_penerbit2', [...])
 4 SYSTEMPATH\CodeIgniter.php(942): App\Controllers\Master\DataPenerbit->index()
 5 SYSTEMPATH\CodeIgniter.php(502): CodeIgniter\CodeIgniter->runController(Object(App\Controllers\Master\DataPenerbit))
 6 SYSTEMPATH\CodeIgniter.php(361): CodeIgniter\CodeIgniter->handleRequest(null, Object(Config\Cache), false)
 7 FCPATH\index.php(79): CodeIgniter\CodeIgniter->run()
 8 SYSTEMPATH\Commands\Server\rewrite.php(47): require_once('D:\\laragon\\www\\unugiri\\2023\\pwbfTI\\codeigniter4\\public\\index.php')
