CRITICAL - 2023-11-19 02:54:36 --> Call to undefined method CodeIgniter\Database\MySQLi\Result::result_array()
in APPPATH\Models\PenerbitModel.php on line 40.
 1 APPPATH\Controllers\Master\DataPenerbit.php(14): App\Models\PenerbitModel->getData()
 2 SYSTEMPATH\CodeIgniter.php(942): App\Controllers\Master\DataPenerbit->index()
 3 SYSTEMPATH\CodeIgniter.php(502): CodeIgniter\CodeIgniter->runController(Object(App\Controllers\Master\DataPenerbit))
 4 SYSTEMPATH\CodeIgniter.php(361): CodeIgniter\CodeIgniter->handleRequest(null, Object(Config\Cache), false)
 5 FCPATH\index.php(79): CodeIgniter\CodeIgniter->run()
 6 SYSTEMPATH\Commands\Server\rewrite.php(47): require_once('D:\\laragon\\www\\unugiri\\2023\\pwbfTI\\codeigniter4\\public\\index.php')
CRITICAL - 2023-11-19 02:55:13 --> syntax error, unexpected '}', expecting ';'
in APPPATH\Models\PenerbitModel.php on line 39.
 1 SYSTEMPATH\Autoloader\Autoloader.php(291): CodeIgniter\Autoloader\Autoloader->includeFile('D:\\laragon\\www\\unugiri\\2023\\pwbfTI\\codeigniter4\\app\\Models\\PenerbitModel.php')
 2 SYSTEMPATH\Autoloader\Autoloader.php(269): CodeIgniter\Autoloader\Autoloader->loadInNamespace('App\\Models\\PenerbitModel')
 3 [internal function]: CodeIgniter\Autoloader\Autoloader->loadClass('App\\Models\\PenerbitModel')
 4 APPPATH\Controllers\Master\DataPenerbit.php(11): spl_autoload_call('App\\Models\\PenerbitModel')
 5 SYSTEMPATH\CodeIgniter.php(942): App\Controllers\Master\DataPenerbit->index()
 6 SYSTEMPATH\CodeIgniter.php(502): CodeIgniter\CodeIgniter->runController(Object(App\Controllers\Master\DataPenerbit))
 7 SYSTEMPATH\CodeIgniter.php(361): CodeIgniter\CodeIgniter->handleRequest(null, Object(Config\Cache), false)
 8 FCPATH\index.php(79): CodeIgniter\CodeIgniter->run()
 9 SYSTEMPATH\Commands\Server\rewrite.php(47): require_once('D:\\laragon\\www\\unugiri\\2023\\pwbfTI\\codeigniter4\\public\\index.php')
CRITICAL - 2023-11-19 02:55:19 --> Array to string conversion
in APPPATH\Views\master\view_data_penerbit.php on line 35.
 1 APPPATH\Views\master\view_data_penerbit.php(35): CodeIgniter\Debug\Exceptions->errorHandler(8, 'Array to string conversion', 'D:\\laragon\\www\\unugiri\\2023\\pwbfTI\\codeigniter4\\app\\Views\\master\\view_data_penerbit.php', 35, [...])
 2 SYSTEMPATH\View\View.php(228): include('D:\\laragon\\www\\unugiri\\2023\\pwbfTI\\codeigniter4\\app\\Views\\master\\view_data_penerbit.php')
 3 SYSTEMPATH\View\View.php(231): CodeIgniter\View\View->CodeIgniter\View\{closure}()
 4 SYSTEMPATH\Common.php(1190): CodeIgniter\View\View->render('master\\view_data_penerbit', [], true)
 5 APPPATH\Controllers\Master\DataPenerbit.php(16): view('master\\view_data_penerbit', [...])
 6 SYSTEMPATH\CodeIgniter.php(942): App\Controllers\Master\DataPenerbit->index()
 7 SYSTEMPATH\CodeIgniter.php(502): CodeIgniter\CodeIgniter->runController(Object(App\Controllers\Master\DataPenerbit))
 8 SYSTEMPATH\CodeIgniter.php(361): CodeIgniter\CodeIgniter->handleRequest(null, Object(Config\Cache), false)
 9 FCPATH\index.php(79): CodeIgniter\CodeIgniter->run()
10 SYSTEMPATH\Commands\Server\rewrite.php(47): require_once('D:\\laragon\\www\\unugiri\\2023\\pwbfTI\\codeigniter4\\public\\index.php')
CRITICAL - 2023-11-19 02:56:16 --> Object of class stdClass could not be converted to string
in APPPATH\Views\master\view_data_penerbit.php on line 35.
 1 SYSTEMPATH\View\View.php(228): include()
 2 SYSTEMPATH\View\View.php(231): CodeIgniter\View\View->CodeIgniter\View\{closure}()
 3 SYSTEMPATH\Common.php(1190): CodeIgniter\View\View->render('master\\view_data_penerbit', [], true)
 4 APPPATH\Controllers\Master\DataPenerbit.php(16): view('master\\view_data_penerbit', [...])
 5 SYSTEMPATH\CodeIgniter.php(942): App\Controllers\Master\DataPenerbit->index()
 6 SYSTEMPATH\CodeIgniter.php(502): CodeIgniter\CodeIgniter->runController(Object(App\Controllers\Master\DataPenerbit))
 7 SYSTEMPATH\CodeIgniter.php(361): CodeIgniter\CodeIgniter->handleRequest(null, Object(Config\Cache), false)
 8 FCPATH\index.php(79): CodeIgniter\CodeIgniter->run()
 9 SYSTEMPATH\Commands\Server\rewrite.php(47): require_once('D:\\laragon\\www\\unugiri\\2023\\pwbfTI\\codeigniter4\\public\\index.php')
CRITICAL - 2023-11-19 02:56:43 --> Undefined index: id_penerbit
in APPPATH\Views\master\view_data_penerbit.php on line 35.
 1 APPPATH\Views\master\view_data_penerbit.php(35): CodeIgniter\Debug\Exceptions->errorHandler(8, 'Undefined index: id_penerbit', 'D:\\laragon\\www\\unugiri\\2023\\pwbfTI\\codeigniter4\\app\\Views\\master\\view_data_penerbit.php', 35, [...])
 2 SYSTEMPATH\View\View.php(228): include('D:\\laragon\\www\\unugiri\\2023\\pwbfTI\\codeigniter4\\app\\Views\\master\\view_data_penerbit.php')
 3 SYSTEMPATH\View\View.php(231): CodeIgniter\View\View->CodeIgniter\View\{closure}()
 4 SYSTEMPATH\Common.php(1190): CodeIgniter\View\View->render('master\\view_data_penerbit', [], true)
 5 APPPATH\Controllers\Master\DataPenerbit.php(16): view('master\\view_data_penerbit', [...])
 6 SYSTEMPATH\CodeIgniter.php(942): App\Controllers\Master\DataPenerbit->index()
 7 SYSTEMPATH\CodeIgniter.php(502): CodeIgniter\CodeIgniter->runController(Object(App\Controllers\Master\DataPenerbit))
 8 SYSTEMPATH\CodeIgniter.php(361): CodeIgniter\CodeIgniter->handleRequest(null, Object(Config\Cache), false)
 9 FCPATH\index.php(79): CodeIgniter\CodeIgniter->run()
10 SYSTEMPATH\Commands\Server\rewrite.php(47): require_once('D:\\laragon\\www\\unugiri\\2023\\pwbfTI\\codeigniter4\\public\\index.php')
CRITICAL - 2023-11-19 02:56:55 --> Array to string conversion
in APPPATH\Views\master\view_data_penerbit.php on line 35.
 1 APPPATH\Views\master\view_data_penerbit.php(35): CodeIgniter\Debug\Exceptions->errorHandler(8, 'Array to string conversion', 'D:\\laragon\\www\\unugiri\\2023\\pwbfTI\\codeigniter4\\app\\Views\\master\\view_data_penerbit.php', 35, [...])
 2 SYSTEMPATH\View\View.php(228): include('D:\\laragon\\www\\unugiri\\2023\\pwbfTI\\codeigniter4\\app\\Views\\master\\view_data_penerbit.php')
 3 SYSTEMPATH\View\View.php(231): CodeIgniter\View\View->CodeIgniter\View\{closure}()
 4 SYSTEMPATH\Common.php(1190): CodeIgniter\View\View->render('master\\view_data_penerbit', [], true)
 5 APPPATH\Controllers\Master\DataPenerbit.php(16): view('master\\view_data_penerbit', [...])
 6 SYSTEMPATH\CodeIgniter.php(942): App\Controllers\Master\DataPenerbit->index()
 7 SYSTEMPATH\CodeIgniter.php(502): CodeIgniter\CodeIgniter->runController(Object(App\Controllers\Master\DataPenerbit))
 8 SYSTEMPATH\CodeIgniter.php(361): CodeIgniter\CodeIgniter->handleRequest(null, Object(Config\Cache), false)
 9 FCPATH\index.php(79): CodeIgniter\CodeIgniter->run()
10 SYSTEMPATH\Commands\Server\rewrite.php(47): require_once('D:\\laragon\\www\\unugiri\\2023\\pwbfTI\\codeigniter4\\public\\index.php')
CRITICAL - 2023-11-19 02:57:06 --> Array to string conversion
in APPPATH\Views\master\view_data_penerbit.php on line 35.
 1 APPPATH\Views\master\view_data_penerbit.php(35): CodeIgniter\Debug\Exceptions->errorHandler(8, 'Array to string conversion', 'D:\\laragon\\www\\unugiri\\2023\\pwbfTI\\codeigniter4\\app\\Views\\master\\view_data_penerbit.php', 35, [...])
 2 SYSTEMPATH\View\View.php(228): include('D:\\laragon\\www\\unugiri\\2023\\pwbfTI\\codeigniter4\\app\\Views\\master\\view_data_penerbit.php')
 3 SYSTEMPATH\View\View.php(231): CodeIgniter\View\View->CodeIgniter\View\{closure}()
 4 SYSTEMPATH\Common.php(1190): CodeIgniter\View\View->render('master\\view_data_penerbit', [], true)
 5 APPPATH\Controllers\Master\DataPenerbit.php(16): view('master\\view_data_penerbit', [...])
 6 SYSTEMPATH\CodeIgniter.php(942): App\Controllers\Master\DataPenerbit->index()
 7 SYSTEMPATH\CodeIgniter.php(502): CodeIgniter\CodeIgniter->runController(Object(App\Controllers\Master\DataPenerbit))
 8 SYSTEMPATH\CodeIgniter.php(361): CodeIgniter\CodeIgniter->handleRequest(null, Object(Config\Cache), false)
 9 FCPATH\index.php(79): CodeIgniter\CodeIgniter->run()
10 SYSTEMPATH\Commands\Server\rewrite.php(47): require_once('D:\\laragon\\www\\unugiri\\2023\\pwbfTI\\codeigniter4\\public\\index.php')
CRITICAL - 2023-11-19 03:03:26 --> Undefined index: isi
in APPPATH\Views\master\view_data_penerbit.php on line 35.
 1 APPPATH\Views\master\view_data_penerbit.php(35): CodeIgniter\Debug\Exceptions->errorHandler(8, 'Undefined index: isi', 'D:\\laragon\\www\\unugiri\\2023\\pwbfTI\\codeigniter4\\app\\Views\\master\\view_data_penerbit.php', 35, [...])
 2 SYSTEMPATH\View\View.php(228): include('D:\\laragon\\www\\unugiri\\2023\\pwbfTI\\codeigniter4\\app\\Views\\master\\view_data_penerbit.php')
 3 SYSTEMPATH\View\View.php(231): CodeIgniter\View\View->CodeIgniter\View\{closure}()
 4 SYSTEMPATH\Common.php(1190): CodeIgniter\View\View->render('master\\view_data_penerbit', [], true)
 5 APPPATH\Controllers\Master\DataPenerbit.php(16): view('master\\view_data_penerbit', [...])
 6 SYSTEMPATH\CodeIgniter.php(942): App\Controllers\Master\DataPenerbit->index()
 7 SYSTEMPATH\CodeIgniter.php(502): CodeIgniter\CodeIgniter->runController(Object(App\Controllers\Master\DataPenerbit))
 8 SYSTEMPATH\CodeIgniter.php(361): CodeIgniter\CodeIgniter->handleRequest(null, Object(Config\Cache), false)
 9 FCPATH\index.php(79): CodeIgniter\CodeIgniter->run()
10 SYSTEMPATH\Commands\Server\rewrite.php(47): require_once('D:\\laragon\\www\\unugiri\\2023\\pwbfTI\\codeigniter4\\public\\index.php')
CRITICAL - 2023-11-19 03:04:27 --> Call to undefined method CodeIgniter\Database\MySQLi\Result::result()
in APPPATH\Models\PenerbitModel.php on line 36.
 1 APPPATH\Controllers\Master\DataPenerbit.php(14): App\Models\PenerbitModel->getData()
 2 SYSTEMPATH\CodeIgniter.php(942): App\Controllers\Master\DataPenerbit->index()
 3 SYSTEMPATH\CodeIgniter.php(502): CodeIgniter\CodeIgniter->runController(Object(App\Controllers\Master\DataPenerbit))
 4 SYSTEMPATH\CodeIgniter.php(361): CodeIgniter\CodeIgniter->handleRequest(null, Object(Config\Cache), false)
 5 FCPATH\index.php(79): CodeIgniter\CodeIgniter->run()
 6 SYSTEMPATH\Commands\Server\rewrite.php(47): require_once('D:\\laragon\\www\\unugiri\\2023\\pwbfTI\\codeigniter4\\public\\index.php')
CRITICAL - 2023-11-19 03:04:48 --> Call to undefined method CodeIgniter\Database\MySQLi\Result::result()
in APPPATH\Models\PenerbitModel.php on line 36.
 1 APPPATH\Controllers\Master\DataPenerbit.php(14): App\Models\PenerbitModel->getData()
 2 SYSTEMPATH\CodeIgniter.php(942): App\Controllers\Master\DataPenerbit->index()
 3 SYSTEMPATH\CodeIgniter.php(502): CodeIgniter\CodeIgniter->runController(Object(App\Controllers\Master\DataPenerbit))
 4 SYSTEMPATH\CodeIgniter.php(361): CodeIgniter\CodeIgniter->handleRequest(null, Object(Config\Cache), false)
 5 FCPATH\index.php(79): CodeIgniter\CodeIgniter->run()
 6 SYSTEMPATH\Commands\Server\rewrite.php(47): require_once('D:\\laragon\\www\\unugiri\\2023\\pwbfTI\\codeigniter4\\public\\index.php')
CRITICAL - 2023-11-19 03:06:21 --> Undefined variable: db
in APPPATH\Models\PenerbitModel.php on line 35.
 1 APPPATH\Models\PenerbitModel.php(35): CodeIgniter\Debug\Exceptions->errorHandler(8, 'Undefined variable: db', 'D:\\laragon\\www\\unugiri\\2023\\pwbfTI\\codeigniter4\\app\\Models\\PenerbitModel.php', 35, [])
 2 APPPATH\Controllers\Master\DataPenerbit.php(14): App\Models\PenerbitModel->getData()
 3 SYSTEMPATH\CodeIgniter.php(942): App\Controllers\Master\DataPenerbit->index()
 4 SYSTEMPATH\CodeIgniter.php(502): CodeIgniter\CodeIgniter->runController(Object(App\Controllers\Master\DataPenerbit))
 5 SYSTEMPATH\CodeIgniter.php(361): CodeIgniter\CodeIgniter->handleRequest(null, Object(Config\Cache), false)
 6 FCPATH\index.php(79): CodeIgniter\CodeIgniter->run()
 7 SYSTEMPATH\Commands\Server\rewrite.php(47): require_once('D:\\laragon\\www\\unugiri\\2023\\pwbfTI\\codeigniter4\\public\\index.php')
CRITICAL - 2023-11-19 03:07:59 --> Call to undefined method CodeIgniter\Database\MySQLi\Result::result_array()
in APPPATH\Models\PenerbitModel.php on line 36.
 1 APPPATH\Controllers\Master\DataPenerbit.php(14): App\Models\PenerbitModel->getData()
 2 SYSTEMPATH\CodeIgniter.php(942): App\Controllers\Master\DataPenerbit->index()
 3 SYSTEMPATH\CodeIgniter.php(502): CodeIgniter\CodeIgniter->runController(Object(App\Controllers\Master\DataPenerbit))
 4 SYSTEMPATH\CodeIgniter.php(361): CodeIgniter\CodeIgniter->handleRequest(null, Object(Config\Cache), false)
 5 FCPATH\index.php(79): CodeIgniter\CodeIgniter->run()
 6 SYSTEMPATH\Commands\Server\rewrite.php(47): require_once('D:\\laragon\\www\\unugiri\\2023\\pwbfTI\\codeigniter4\\public\\index.php')
CRITICAL - 2023-11-19 03:10:19 --> Call to undefined method CodeIgniter\Database\MySQLi\Result::result_array()
in APPPATH\Models\PenerbitModel.php on line 37.
 1 APPPATH\Controllers\Master\DataPenerbit.php(14): App\Models\PenerbitModel->getData()
 2 SYSTEMPATH\CodeIgniter.php(942): App\Controllers\Master\DataPenerbit->index()
 3 SYSTEMPATH\CodeIgniter.php(502): CodeIgniter\CodeIgniter->runController(Object(App\Controllers\Master\DataPenerbit))
 4 SYSTEMPATH\CodeIgniter.php(361): CodeIgniter\CodeIgniter->handleRequest(null, Object(Config\Cache), false)
 5 FCPATH\index.php(79): CodeIgniter\CodeIgniter->run()
 6 SYSTEMPATH\Commands\Server\rewrite.php(47): require_once('D:\\laragon\\www\\unugiri\\2023\\pwbfTI\\codeigniter4\\public\\index.php')
CRITICAL - 2023-11-19 03:10:30 --> Call to undefined method CodeIgniter\Database\MySQLi\Result::result()
in APPPATH\Models\PenerbitModel.php on line 37.
 1 APPPATH\Controllers\Master\DataPenerbit.php(14): App\Models\PenerbitModel->getData()
 2 SYSTEMPATH\CodeIgniter.php(942): App\Controllers\Master\DataPenerbit->index()
 3 SYSTEMPATH\CodeIgniter.php(502): CodeIgniter\CodeIgniter->runController(Object(App\Controllers\Master\DataPenerbit))
 4 SYSTEMPATH\CodeIgniter.php(361): CodeIgniter\CodeIgniter->handleRequest(null, Object(Config\Cache), false)
 5 FCPATH\index.php(79): CodeIgniter\CodeIgniter->run()
 6 SYSTEMPATH\Commands\Server\rewrite.php(47): require_once('D:\\laragon\\www\\unugiri\\2023\\pwbfTI\\codeigniter4\\public\\index.php')
